{
  "RSpec": {
    "coverage": {
      "/Users/guillaumebouffard/Projects/yelp_clone/config/environment.rb": [
        null,
        1,
        null,
        null,
        1
      ],
      "/Users/guillaumebouffard/Projects/yelp_clone/config/environments/development.rb": [
        1,
        null,
        null,
        null,
        null,
        null,
        1,
        null,
        null,
        1,
        null,
        null,
        1,
        1,
        null,
        null,
        1,
        null,
        null,
        1,
        null,
        null,
        1,
        null,
        null,
        null,
        null,
        1,
        null,
        null,
        null,
        1,
        null,
        null,
        null,
        null,
        1,
        null,
        null,
        null,
        null
      ],
      "/Users/guillaumebouffard/Projects/yelp_clone/config/initializers/assets.rb": [
        null,
        null,
        null,
        1,
        null,
        null,
        null,
        null,
        null,
        null,
        null
      ],
      "/Users/guillaumebouffard/Projects/yelp_clone/config/initializers/backtrace_silencers.rb": [
        null,
        null,
        null,
        null,
        null,
        null,
        null
      ],
      "/Users/guillaumebouffard/Projects/yelp_clone/config/initializers/cookies_serializer.rb": [
        null,
        null,
        1
      ],
      "/Users/guillaumebouffard/Projects/yelp_clone/config/initializers/devise.rb": [
        null,
        null,
        1,
        null,
        null,
        null,
        1,
        null,
        null,
        null,
        null,
        null,
        1,
        null,
        null,
        null,
        null,
        null,
        null,
        null,
        null,
        1,
        1,
        null,
        null,
        null,
        null,
        null,
        null,
        null,
        null,
        null,
        null,
        null,
        null,
        null,
        null,
        null,
        null,
        null,
        null,
        null,
        null,
        null,
        null,
        1,
        null,
        null,
        null,
        null,
        1,
        null,
        null,
        null,
        null,
        null,
        null,
        null,
        null,
        null,
        null,
        null,
        null,
        null,
        null,
        null,
        null,
        null,
        null,
        null,
        null,
        null,
        null,
        null,
        null,
        null,
        null,
        null,
        null,
        null,
        null,
        1,
        null,
        null,
        null,
        null,
        null,
        null,
        null,
        null,
        null,
        null,
        null,
        null,
        null,
        null,
        null,
        null,
        1,
        null,
        null,
        null,
        null,
        null,
        null,
        null,
        null,
        null,
        null,
        null,
        null,
        null,
        null,
        null,
        null,
        null,
        null,
        null,
        null,
        null,
        null,
        null,
        null,
        1,
        null,
        null,
        null,
        null,
        null,
        null,
        null,
        null,
        null,
        1,
        null,
        null,
        null,
        null,
        null,
        null,
        null,
        null,
        null,
        null,
        1,
        null,
        null,
        null,
        null,
        null,
        null,
        null,
        null,
        null,
        null,
        null,
        null,
        null,
        null,
        null,
        null,
        null,
        null,
        null,
        null,
        null,
        null,
        null,
        null,
        null,
        null,
        null,
        null,
        null,
        null,
        null,
        null,
        null,
        null,
        null,
        null,
        null,
        null,
        null,
        null,
        null,
        null,
        null,
        null,
        null,
        null,
        null,
        null,
        1,
        null,
        null,
        null,
        null,
        null,
        null,
        null,
        null,
        null,
        null,
        null,
        null,
        null,
        null,
        null,
        null,
        null,
        null,
        null,
        null,
        null,
        null,
        null,
        null,
        null,
        null,
        null,
        null,
        null,
        null,
        null,
        null,
        null,
        null,
        null,
        null,
        null,
        1,
        null,
        null,
        null,
        null,
        null,
        null,
        null,
        null,
        null,
        null,
        null,
        null,
        null,
        null,
        null,
        null,
        null,
        null,
        null,
        null,
        null,
        null,
        null,
        null,
        null,
        null,
        null,
        null,
        null
      ],
      "/Users/guillaumebouffard/Projects/yelp_clone/config/initializers/filter_parameter_logging.rb": [
        null,
        null,
        null,
        1
      ],
      "/Users/guillaumebouffard/Projects/yelp_clone/config/initializers/inflections.rb": [
        null,
        null,
        null,
        null,
        null,
        null,
        null,
        null,
        null,
        null,
        null,
        null,
        null,
        null,
        null,
        null
      ],
      "/Users/guillaumebouffard/Projects/yelp_clone/config/initializers/mime_types.rb": [
        null,
        null,
        null,
        null
      ],
      "/Users/guillaumebouffard/Projects/yelp_clone/config/initializers/session_store.rb": [
        null,
        null,
        1
      ],
      "/Users/guillaumebouffard/Projects/yelp_clone/config/initializers/wrap_parameters.rb": [
        null,
        null,
        null,
        null,
        null,
        null,
        1,
        1,
        null,
        null,
        null,
        null,
        null,
        null
      ],
      "/Users/guillaumebouffard/Projects/yelp_clone/config/routes.rb": [
        1,
        1,
        1,
        null,
        null,
        null,
        null,
        null,
        null,
        null,
        null,
        null,
        null,
        null,
        null,
        null,
        null,
        null,
        null,
        null,
        null,
        null,
        null,
        null,
        null,
        null,
        null,
        null,
        null,
        null,
        null,
        null,
        null,
        null,
        null,
        null,
        null,
        null,
        null,
        null,
        null,
        null,
        null,
        null,
        null,
        null,
        null,
        null,
        null,
        null,
        null,
        null,
        null,
        null,
        null,
        null,
        null,
        null,
        1,
        1,
        1,
        null,
        null,
        null
      ],
      "/Users/guillaumebouffard/Projects/yelp_clone/app/controllers/restaurants_controller.rb": [
        1,
        1,
        null,
        1,
        3,
        null,
        null,
        1,
        0,
        null,
        null,
        1,
        0,
        0,
        0,
        null,
        0,
        null,
        null,
        null,
        1,
        0,
        null,
        null,
        1,
        0,
        null,
        null,
        1,
        0,
        0,
        0,
        null,
        null,
        1,
        0,
        0,
        0,
        0,
        null,
        null,
        1,
        0,
        null,
        null
      ],
      "/Users/guillaumebouffard/Projects/yelp_clone/app/controllers/application_controller.rb": [
        1,
        null,
        null,
        1,
        null,
        null,
        null,
        null,
        null,
        null,
        null,
        null,
        null,
        null
      ],
      "/Users/guillaumebouffard/Projects/yelp_clone/app/helpers/application_helper.rb": [
        1,
        null
      ],
      "/Users/guillaumebouffard/Projects/yelp_clone/app/helpers/endorsements_helper.rb": [
        1,
        null
      ],
      "/Users/guillaumebouffard/Projects/yelp_clone/app/helpers/restaurants_helper.rb": [
        1,
        null
      ],
      "/Users/guillaumebouffard/Projects/yelp_clone/app/helpers/reviews_helper.rb": [
        1,
        1,
        9,
        6,
        6,
        null,
        null
      ],
      "/Users/guillaumebouffard/Projects/yelp_clone/app/models/restaurant.rb": [
        1,
        1,
        1,
        1,
        1,
        1,
        null,
        1,
        9,
        6,
        null,
        null
      ],
      "/Users/guillaumebouffard/Projects/yelp_clone/app/models/review.rb": [
        1,
        1,
        1,
        1,
        1,
        null
      ],
      "/Users/guillaumebouffard/Projects/yelp_clone/app/models/ability.rb": [
        1,
        1,
        null,
        1,
        3,
        0,
        null,
        3,
        3,
        3,
        null,
        null,
        null,
        null,
        null,
        null,
        null,
        null,
        null,
        null,
        null,
        null,
        null,
        null,
        null,
        null,
        null,
        null,
        null,
        null,
        null,
        null
      ],
      "/Users/guillaumebouffard/Projects/yelp_clone/app/models/endorsement.rb": [
        1,
        1,
        1,
        null
      ],
      "/Users/guillaumebouffard/Projects/yelp_clone/app/controllers/endorsements_controller.rb": [
        1,
        1,
        7,
        15,
        7,
        null,
        null
      ]
    },
    "timestamp": 1439491521
  }
}
